Unity Editor version:    6000.0.19f1 (302b264628f9)
Branch:                  trunk
Build type:              Release
Batch mode:              YES
macOS version:           Version 14.6.1 (Build 23G93)
Darwin version:          23.6.0
Architecture:            arm64
Running under Rosetta:   NO
Available memory:        16384 MB
Using pre-set license
Pro License: YES

COMMAND LINE ARGUMENTS:
/Applications/Unity/Hub/Editor/6000.0.19f1/Unity.app/Contents/MacOS/Unity
-adb2
-batchMode
-noUpm
-name
AssetImportWorker0
-projectPath
/Users/nigelmorris/Documents/GitHub/KvantTunnel
-logFile
Logs/AssetImportWorker0.log
-srvPort
51493
-job-worker-count
3
-background-job-worker-count
8
-asset-garbage-collectors
1
Successfully changed project path to: /Users/nigelmorris/Documents/GitHub/KvantTunnel
/Users/nigelmorris/Documents/GitHub/KvantTunnel
[UnityMemory] Configuration Parameters - Can be set up in boot.config
    "memorysetup-bucket-allocator-granularity=16"
    "memorysetup-bucket-allocator-bucket-count=8"
    "memorysetup-bucket-allocator-block-size=33554432"
    "memorysetup-bucket-allocator-block-count=8"
    "memorysetup-main-allocator-block-size=16777216"
    "memorysetup-thread-allocator-block-size=16777216"
    "memorysetup-gfx-main-allocator-block-size=16777216"
    "memorysetup-gfx-thread-allocator-block-size=16777216"
    "memorysetup-cache-allocator-block-size=4194304"
    "memorysetup-typetree-allocator-block-size=2097152"
    "memorysetup-profiler-bucket-allocator-granularity=16"
    "memorysetup-profiler-bucket-allocator-bucket-count=8"
    "memorysetup-profiler-bucket-allocator-block-size=33554432"
    "memorysetup-profiler-bucket-allocator-block-count=8"
    "memorysetup-profiler-allocator-block-size=16777216"
    "memorysetup-profiler-editor-allocator-block-size=1048576"
    "memorysetup-temp-allocator-size-main=16777216"
    "memorysetup-job-temp-allocator-block-size=2097152"
    "memorysetup-job-temp-allocator-block-size-background=1048576"
    "memorysetup-job-temp-allocator-reduction-small-platforms=262144"
    "memorysetup-allocator-temp-initial-block-size-main=262144"
    "memorysetup-allocator-temp-initial-block-size-worker=262144"
    "memorysetup-temp-allocator-size-background-worker=32768"
    "memorysetup-temp-allocator-size-job-worker=262144"
    "memorysetup-temp-allocator-size-preload-manager=33554432"
    "memorysetup-temp-allocator-size-nav-mesh-worker=65536"
    "memorysetup-temp-allocator-size-audio-worker=65536"
    "memorysetup-temp-allocator-size-cloud-worker=32768"
    "memorysetup-temp-allocator-size-gi-baking-worker=262144"
    "memorysetup-temp-allocator-size-gi-baking-worker=262144"
    "memorysetup-temp-allocator-size-gi-baking-worker=262144"
    "memorysetup-temp-allocator-size-gi-baking-worker=262144"
    "memorysetup-temp-allocator-size-gi-baking-worker=262144"
    "memorysetup-temp-allocator-size-gfx=262144"
Player connection [8706051904]  Target information:

Player connection [8706051904]  * "[IP] 172.28.49.127 [Port] 0 [Flags] 2 [Guid] 690046223 [EditorId] 690046223 [Version] 1048832 [Id] OSXEditor(0,Nigels-MacBook-Air.local) [Debug] 1 [PackageName] OSXEditor [ProjectName] Editor" 

Player connection [8706051904] Host joined multi-casting on [225.0.0.222:54997]...
Player connection [8706051904] Host joined alternative multi-casting on [225.0.0.222:34997]...
JobSystem: Creating JobQueue using job-worker-count value 3
Library Redirect Path: Library/
[PhysX] Initialized MultithreadedTaskDispatcher with 4 workers.
Refreshing native plugins compatible for Editor in 0.00 ms, found 0 plugins.
Preloading 0 native plugins for Editor in 0.00 ms.
Initialize engine version: 6000.0.19f1 (302b264628f9)
[Subsystems] Discovering subsystems at path /Applications/Unity/Hub/Editor/6000.0.19f1/Unity.app/Contents/Resources/UnitySubsystems
[Subsystems] Discovering subsystems at path /Users/nigelmorris/Documents/GitHub/KvantTunnel/Assets
GfxDevice: creating device client; kGfxThreadingModeNonThreaded
 preferred device: Apple M1 (high power)
Metal devices available: 1
0: Apple M1 (high power)
Using device Apple M1 (high power)
Initializing Metal device caps: Apple M1
Initialize mono
Mono path[0] = '/Applications/Unity/Hub/Editor/6000.0.19f1/Unity.app/Contents/Managed'
Mono path[1] = '/Applications/Unity/Hub/Editor/6000.0.19f1/Unity.app/Contents/MonoBleedingEdge/lib/mono/unityjit-macos'
Mono config path = '/Applications/Unity/Hub/Editor/6000.0.19f1/Unity.app/Contents/MonoBleedingEdge/etc'
Using monoOptions --debugger-agent=transport=dt_socket,embedding=1,server=y,suspend=n,address=127.0.0.1:56482
Begin MonoManager ReloadAssembly
Registering precompiled unity dll's ...
Register platform support module: /Applications/Unity/Hub/Editor/6000.0.19f1/Unity.app/Contents/PlaybackEngines/MacStandaloneSupport/UnityEditor.OSXStandalone.Extensions.dll
Registered in 0.001977 seconds.
- Loaded All Assemblies, in  0.355 seconds
Native extension for OSXStandalone target not found
Mono: successfully reloaded assembly
- Finished resetting the current domain, in  0.389 seconds
Domain Reload Profiling: 744ms
	BeginReloadAssembly (145ms)
		ExecutionOrderSort (0ms)
		DisableScriptedObjects (0ms)
		BackupInstance (0ms)
		ReleaseScriptingObjects (0ms)
		CreateAndSetChildDomain (1ms)
	RebuildCommonClasses (40ms)
	RebuildNativeTypeToScriptingClass (11ms)
	initialDomainReloadingComplete (38ms)
	LoadAllAssembliesAndSetupDomain (121ms)
		LoadAssemblies (145ms)
		RebuildTransferFunctionScriptingTraits (0ms)
		AnalyzeDomain (118ms)
			TypeCache.Refresh (117ms)
				TypeCache.ScanAssembly (105ms)
			BuildScriptInfoCaches (0ms)
			ResolveRequiredComponents (0ms)
	FinalizeReload (389ms)
		ReleaseScriptCaches (0ms)
		RebuildScriptCaches (0ms)
		SetupLoadedEditorAssemblies (361ms)
			LogAssemblyErrors (0ms)
			InitializePlatformSupportModulesInManaged (32ms)
			SetLoadedEditorAssemblies (4ms)
			BeforeProcessingInitializeOnLoad (4ms)
			ProcessInitializeOnLoadAttributes (187ms)
			ProcessInitializeOnLoadMethodAttributes (115ms)
			AfterProcessingInitializeOnLoad (19ms)
			EditorAssembliesLoaded (0ms)
		ExecutionOrderSort2 (0ms)
		AwakeInstancesAfterBackupRestoration (0ms)
========================================================================
Worker process is ready to serve import requests
Import Worker Mode flag is 0x00
Begin MonoManager ReloadAssembly
- Loaded All Assemblies, in  0.399 seconds
Refreshing native plugins compatible for Editor in 0.00 ms, found 0 plugins.
Native extension for OSXStandalone target not found
Mono: successfully reloaded assembly
- Finished resetting the current domain, in  0.460 seconds
Domain Reload Profiling: 860ms
	BeginReloadAssembly (332ms)
		ExecutionOrderSort (0ms)
		DisableScriptedObjects (5ms)
		BackupInstance (0ms)
		ReleaseScriptingObjects (0ms)
		CreateAndSetChildDomain (34ms)
	RebuildCommonClasses (31ms)
	RebuildNativeTypeToScriptingClass (10ms)
	initialDomainReloadingComplete (12ms)
	LoadAllAssembliesAndSetupDomain (15ms)
		LoadAssemblies (47ms)
		RebuildTransferFunctionScriptingTraits (0ms)
		AnalyzeDomain (10ms)
			TypeCache.Refresh (8ms)
				TypeCache.ScanAssembly (3ms)
			BuildScriptInfoCaches (1ms)
			ResolveRequiredComponents (0ms)
	FinalizeReload (461ms)
		ReleaseScriptCaches (0ms)
		RebuildScriptCaches (0ms)
		SetupLoadedEditorAssemblies (278ms)
			LogAssemblyErrors (0ms)
			InitializePlatformSupportModulesInManaged (4ms)
			SetLoadedEditorAssemblies (5ms)
			BeforeProcessingInitializeOnLoad (15ms)
			ProcessInitializeOnLoadAttributes (179ms)
			ProcessInitializeOnLoadMethodAttributes (42ms)
			AfterProcessingInitializeOnLoad (34ms)
			EditorAssembliesLoaded (0ms)
		ExecutionOrderSort2 (0ms)
		AwakeInstancesAfterBackupRestoration (4ms)
Launching external process: /Applications/Unity/Hub/Editor/6000.0.19f1/Unity.app/Contents/Tools/UnityShaderCompiler
Launched and connected shader compiler UnityShaderCompiler after 0.03 seconds
Refreshing native plugins compatible for Editor in 0.00 ms, found 0 plugins.
Preloading 0 native plugins for Editor in 0.00 ms.
Unloading 11 Unused Serialized files (Serialized files now loaded: 0)
Unloading 77 unused Assets / (75.8 KB). Loaded Objects now: 694.
Memory consumption went from 88.7 MB to 88.6 MB.
Total: 3.551625 ms (FindLiveObjects: 0.030292 ms CreateObjectMapping: 0.005000 ms MarkObjects: 3.435583 ms  DeleteObjects: 0.080084 ms)

========================================================================
Received Import Request.
  Time since last request: 616497.179907 seconds.
  path: Assets/Kvant/Tunnel
  artifactKey: Guid(cde7b05394d264c2cb29259170b2f8c5) Importer(815301076,1909f56bfc062723c751e8b465ee728b)
Start importing Assets/Kvant/Tunnel using Guid(cde7b05394d264c2cb29259170b2f8c5) Importer(815301076,1909f56bfc062723c751e8b465ee728b) (PreviewImporter)[PhysX] Initialized MultithreadedTaskDispatcher with 4 workers.
 -> (artifact id: '6ec20fc39596f1db89f177f6b31939dc') in 0.003108375 seconds
Number of updated asset objects reloaded before import = 0Number of asset objects unloaded after import = 0

========================================================================
Received Import Request.
  Time since last request: 16.076905 seconds.
  path: Assets/Kvant/Tunnel/Editor
  artifactKey: Guid(660d9fbbd2600458fb094b9377a9fb75) Importer(815301076,1909f56bfc062723c751e8b465ee728b)
Start importing Assets/Kvant/Tunnel/Editor using Guid(660d9fbbd2600458fb094b9377a9fb75) Importer(815301076,1909f56bfc062723c751e8b465ee728b) (PreviewImporter)[PhysX] Initialized MultithreadedTaskDispatcher with 4 workers.
 -> (artifact id: 'f6ea875c8ba3ea5a15bcb3a73c2a76fd') in 0.000318666 seconds
Number of updated asset objects reloaded before import = 0Number of asset objects unloaded after import = 0

========================================================================
Received Import Request.
  Time since last request: 2.833369 seconds.
  path: Assets/Kvant/Tunnel/Scripts
  artifactKey: Guid(ad0bb7114431e4d249d9956e888e1873) Importer(815301076,1909f56bfc062723c751e8b465ee728b)
Start importing Assets/Kvant/Tunnel/Scripts using Guid(ad0bb7114431e4d249d9956e888e1873) Importer(815301076,1909f56bfc062723c751e8b465ee728b) (PreviewImporter)[PhysX] Initialized MultithreadedTaskDispatcher with 4 workers.
 -> (artifact id: '1899088d490566d8b65126f84fa28e7c') in 0.000275 seconds
Number of updated asset objects reloaded before import = 0Number of asset objects unloaded after import = 0

========================================================================
Received Import Request.
  Time since last request: 1.763814 seconds.
  path: Assets/Kvant/Tunnel/Shaders
  artifactKey: Guid(aff35f7396d1149ae8d18511319899d5) Importer(815301076,1909f56bfc062723c751e8b465ee728b)
Start importing Assets/Kvant/Tunnel/Shaders using Guid(aff35f7396d1149ae8d18511319899d5) Importer(815301076,1909f56bfc062723c751e8b465ee728b) (PreviewImporter)[PhysX] Initialized MultithreadedTaskDispatcher with 4 workers.
 -> (artifact id: 'ef5d7b30830c1d876d9022861fd0302c') in 0.000238833 seconds
Number of updated asset objects reloaded before import = 0Number of asset objects unloaded after import = 0

========================================================================
Received Import Request.
  Time since last request: 240.689202 seconds.
  path: Assets/Kvant/Tunnel/Shaders/Kernels.shader
  artifactKey: Guid(e81d8e7c37a014393ada103e7c8f34f7) Importer(815301076,1909f56bfc062723c751e8b465ee728b)
Start importing Assets/Kvant/Tunnel/Shaders/Kernels.shader using Guid(e81d8e7c37a014393ada103e7c8f34f7) Importer(815301076,1909f56bfc062723c751e8b465ee728b) (PreviewImporter)[PhysX] Initialized MultithreadedTaskDispatcher with 4 workers.
 -> (artifact id: 'a96226c30a193ae69cfdf74280f4d2b9') in 0.022192542 seconds
Number of updated asset objects reloaded before import = 0Number of asset objects unloaded after import = 0

========================================================================
Received Import Request.
  Time since last request: 0.392018 seconds.
  path: Assets/Kvant/Tunnel/Shaders/Line.shader
  artifactKey: Guid(d2c9a9e5d1e6f4367912b7b3c5384aff) Importer(815301076,1909f56bfc062723c751e8b465ee728b)
Start importing Assets/Kvant/Tunnel/Shaders/Line.shader using Guid(d2c9a9e5d1e6f4367912b7b3c5384aff) Importer(815301076,1909f56bfc062723c751e8b465ee728b) (PreviewImporter)[PhysX] Initialized MultithreadedTaskDispatcher with 4 workers.
 -> (artifact id: '3699592f1a2adacc81085b280f65591e') in 0.000457375 seconds
Number of updated asset objects reloaded before import = 0Number of asset objects unloaded after import = 0

========================================================================
Received Import Request.
  Time since last request: 0.434076 seconds.
  path: Assets/Kvant/Tunnel/Shaders/Surface.shader
  artifactKey: Guid(3267bf16bbd1c4f61b881ce922b2d3dd) Importer(815301076,1909f56bfc062723c751e8b465ee728b)
Start importing Assets/Kvant/Tunnel/Shaders/Surface.shader using Guid(3267bf16bbd1c4f61b881ce922b2d3dd) Importer(815301076,1909f56bfc062723c751e8b465ee728b) (PreviewImporter)[PhysX] Initialized MultithreadedTaskDispatcher with 4 workers.
 -> (artifact id: 'ec5857f10ea7a16339cdd2ad7f97dbb8') in 0.0004055 seconds
Number of updated asset objects reloaded before import = 0Number of asset objects unloaded after import = 0

========================================================================
Received Import Request.
  Time since last request: 0.649054 seconds.
  path: Assets/Kvant/Tunnel/Shaders/ClassicNoise2D.cginc
  artifactKey: Guid(40ee22027aaf047949428d62200b2c4e) Importer(815301076,1909f56bfc062723c751e8b465ee728b)
Start importing Assets/Kvant/Tunnel/Shaders/ClassicNoise2D.cginc using Guid(40ee22027aaf047949428d62200b2c4e) Importer(815301076,1909f56bfc062723c751e8b465ee728b) (PreviewImporter)[PhysX] Initialized MultithreadedTaskDispatcher with 4 workers.
 -> (artifact id: 'd2ad696b007357c2c6645613b03b2e72') in 0.000934667 seconds
Number of updated asset objects reloaded before import = 0Number of asset objects unloaded after import = 1

========================================================================
Received Import Request.
  Time since last request: 1.815664 seconds.
  path: Assets/Kvant/Tunnel/Shaders/Debug.shader
  artifactKey: Guid(9d853e045d4cf489eb310b9c21a4726c) Importer(815301076,1909f56bfc062723c751e8b465ee728b)
Start importing Assets/Kvant/Tunnel/Shaders/Debug.shader using Guid(9d853e045d4cf489eb310b9c21a4726c) Importer(815301076,1909f56bfc062723c751e8b465ee728b) (PreviewImporter)[PhysX] Initialized MultithreadedTaskDispatcher with 4 workers.
 -> (artifact id: 'd9273022ad6718dc51d3cf189dd2ed9f') in 0.000411083 seconds
Number of updated asset objects reloaded before import = 0Number of asset objects unloaded after import = 0

========================================================================
Received Import Request.
  Time since last request: 385.373785 seconds.
  path: Assets/Test/Test.unity
  artifactKey: Guid(4b96d12f44ec14c61ab8ae3f9c5e88c7) Importer(815301076,1909f56bfc062723c751e8b465ee728b)
Start importing Assets/Test/Test.unity using Guid(4b96d12f44ec14c61ab8ae3f9c5e88c7) Importer(815301076,1909f56bfc062723c751e8b465ee728b) (PreviewImporter)[PhysX] Initialized MultithreadedTaskDispatcher with 4 workers.
 -> (artifact id: '104a3829c6d4b73fe735061afbcce99e') in 0.001069792 seconds
Number of updated asset objects reloaded before import = 0Number of asset objects unloaded after import = 0

========================================================================
Received Prepare
Begin MonoManager ReloadAssembly
Thread 0x30108f000 may have been prematurely finalized
- Loaded All Assemblies, in  0.197 seconds
Refreshing native plugins compatible for Editor in 0.00 ms, found 0 plugins.
Native extension for OSXStandalone target not found
Mono: successfully reloaded assembly
- Finished resetting the current domain, in  0.544 seconds
Domain Reload Profiling: 742ms
	BeginReloadAssembly (133ms)
		ExecutionOrderSort (0ms)
		DisableScriptedObjects (5ms)
		BackupInstance (0ms)
		ReleaseScriptingObjects (0ms)
		CreateAndSetChildDomain (37ms)
	RebuildCommonClasses (33ms)
	RebuildNativeTypeToScriptingClass (10ms)
	initialDomainReloadingComplete (12ms)
	LoadAllAssembliesAndSetupDomain (10ms)
		LoadAssemblies (61ms)
		RebuildTransferFunctionScriptingTraits (0ms)
		AnalyzeDomain (8ms)
			TypeCache.Refresh (4ms)
				TypeCache.ScanAssembly (0ms)
			BuildScriptInfoCaches (2ms)
			ResolveRequiredComponents (0ms)
	FinalizeReload (544ms)
		ReleaseScriptCaches (0ms)
		RebuildScriptCaches (0ms)
		SetupLoadedEditorAssemblies (365ms)
			LogAssemblyErrors (0ms)
			InitializePlatformSupportModulesInManaged (3ms)
			SetLoadedEditorAssemblies (4ms)
			BeforeProcessingInitializeOnLoad (9ms)
			ProcessInitializeOnLoadAttributes (253ms)
			ProcessInitializeOnLoadMethodAttributes (46ms)
			AfterProcessingInitializeOnLoad (49ms)
			EditorAssembliesLoaded (0ms)
		ExecutionOrderSort2 (0ms)
		AwakeInstancesAfterBackupRestoration (5ms)
Refreshing native plugins compatible for Editor in 0.00 ms, found 0 plugins.
Preloading 0 native plugins for Editor in 0.00 ms.
Unloading 0 Unused Serialized files (Serialized files now loaded: 0)
Unloading 75 unused Assets / (1.0 KB). Loaded Objects now: 697.
Memory consumption went from 94.7 MB to 94.7 MB.
Total: 3.519000 ms (FindLiveObjects: 0.030791 ms CreateObjectMapping: 0.008250 ms MarkObjects: 3.451875 ms  DeleteObjects: 0.027583 ms)

Prepare: number of updated asset objects reloaded= 0
========================================================================
Received Import Request.
  Time since last request: 21.695218 seconds.
  path: Assets/Textures/TropicalRuins_Env.hdr
  artifactKey: Guid(9249e7a4016c14bb5959b8d73265b354) Importer(815301076,1909f56bfc062723c751e8b465ee728b)
Start importing Assets/Textures/TropicalRuins_Env.hdr using Guid(9249e7a4016c14bb5959b8d73265b354) Importer(815301076,1909f56bfc062723c751e8b465ee728b) (PreviewImporter)[PhysX] Initialized MultithreadedTaskDispatcher with 4 workers.
[PhysX] Initialized MultithreadedTaskDispatcher with 4 workers.
[PhysX] Initialized MultithreadedTaskDispatcher with 4 workers.
 -> (artifact id: '0a8565e10637e6c7916c6b2f42782eea') in 0.136256542 seconds
Number of updated asset objects reloaded before import = 0Number of asset objects unloaded after import = 1

========================================================================
Received Import Request.
  Time since last request: 23.133301 seconds.
  path: Assets/newtest.unity
  artifactKey: Guid(b782940ec82c14e3aa394d73146fda94) Importer(815301076,1909f56bfc062723c751e8b465ee728b)
Start importing Assets/newtest.unity using Guid(b782940ec82c14e3aa394d73146fda94) Importer(815301076,1909f56bfc062723c751e8b465ee728b) (PreviewImporter)[PhysX] Initialized MultithreadedTaskDispatcher with 4 workers.
 -> (artifact id: '0976b04ce377c1443a3402909a95d899') in 0.001867583 seconds
Number of updated asset objects reloaded before import = 0Number of asset objects unloaded after import = 0

========================================================================
Received Import Request.
  Time since last request: 2.445371 seconds.
  path: Assets/Test
  artifactKey: Guid(ec0ad78c3daec454699d34b5bac8689b) Importer(815301076,1909f56bfc062723c751e8b465ee728b)
Start importing Assets/Test using Guid(ec0ad78c3daec454699d34b5bac8689b) Importer(815301076,1909f56bfc062723c751e8b465ee728b) (PreviewImporter)[PhysX] Initialized MultithreadedTaskDispatcher with 4 workers.
 -> (artifact id: '3d72e969b51a08b23a86ba178e4005e5') in 0.000280875 seconds
Number of updated asset objects reloaded before import = 0Number of asset objects unloaded after import = 0

========================================================================
Received Import Request.
  Time since last request: 5.793287 seconds.
  path: Assets/Test/Test2.unity
  artifactKey: Guid(b782940ec82c14e3aa394d73146fda94) Importer(815301076,1909f56bfc062723c751e8b465ee728b)
Start importing Assets/Test/Test2.unity using Guid(b782940ec82c14e3aa394d73146fda94) Importer(815301076,1909f56bfc062723c751e8b465ee728b) (PreviewImporter)[PhysX] Initialized MultithreadedTaskDispatcher with 4 workers.
 -> (artifact id: '6f276236550e803642c1972e1a148f2a') in 0.00025925 seconds
Number of updated asset objects reloaded before import = 0Number of asset objects unloaded after import = 0

